<?xml version="1.0" encoding="UTF-8"?>
<!-- Generated by org.testng.reporters.JUnitReportReporter -->
<testsuite hostname="Ravindras-MacBook-Pro.local" failures="0" tests="4" name="tests.APITests" time="4.270" errors="0" timestamp="13 Feb 2023 15:22:40 GMT" skipped="0">
  <testcase classname="tests.APITests" name="GetDetails" time="2.827"/>
  <testcase classname="tests.APITests" name="GetDetails" time="0.426"/>
  <testcase classname="tests.APITests" name="GetDetails" time="0.500"/>
  <testcase classname="tests.APITests" name="GetDetails" time="0.517"/>
</testsuite> <!-- tests.APITests -->
