<?xml version="1.0" encoding="UTF-8"?>
<!-- Generated by org.testng.reporters.JUnitReportReporter -->
<testsuite hostname="Ravindras-MacBook-Pro.local" failures="0" tests="4" name="tests.HitachiMainPageTests" time="385.233" errors="0" timestamp="13 Feb 2023 15:22:40 GMT" skipped="0">
  <testcase classname="tests.HitachiMainPageTests" name="searchResult" time="19.461"/>
  <testcase classname="tests.HitachiMainPageTests" name="searchResult" time="98.120"/>
  <testcase classname="tests.HitachiMainPageTests" name="searchResult" time="97.327"/>
  <testcase classname="tests.HitachiMainPageTests" name="searchResult" time="170.325"/>
</testsuite> <!-- tests.HitachiMainPageTests -->
