<?xml version="1.0" encoding="UTF-8"?>
<!-- Generated by org.testng.reporters.JUnitReportReporter -->
<testsuite hostname="Ravindras-MacBook-Pro.local" failures="0" tests="4" name="tests.HitachiMainPageTests" time="126.600" errors="0" timestamp="13 Feb 2023 13:59:42 GMT" skipped="0">
  <testcase classname="tests.HitachiMainPageTests" name="searchResult" time="58.337"/>
  <testcase classname="tests.HitachiMainPageTests" name="searchResult" time="27.898"/>
  <testcase classname="tests.HitachiMainPageTests" name="searchResult" time="17.368"/>
  <testcase classname="tests.HitachiMainPageTests" name="searchResult" time="22.997"/>
</testsuite> <!-- tests.HitachiMainPageTests -->
